app/build/intermediates/manifest_merge_blame_file/debug/processDebugMainManifest/manifest-merger-blame-debug-report.txt
1<?xml version="1.0" encoding="utf-8"?>
2<manifest xmlns:android="http://schemas.android.com/apk/res/android"
3    package="com.eddy.parcial2"
4    android:versionCode="1"
5    android:versionName="1.0" >
6
7    <uses-sdk
8        android:minSdkVersion="24"
9        android:targetSdkVersion="35" />
10
11    <permission
11-->[androidx.core:core:1.15.0] AndroidManifest.xml:22:5-24:47
12        android:name="com.eddy.parcial2.DYNAMIC_RECEIVER_NOT_EXPORTED_PERMISSION"
12-->[androidx.core:core:1.15.0] AndroidManifest.xml:23:9-81
13        android:protectionLevel="signature" />
13-->[androidx.core:core:1.15.0] AndroidManifest.xml:24:9-44
14
15    <uses-permission android:name="com.eddy.parcial2.DYNAMIC_RECEIVER_NOT_EXPORTED_PERMISSION" />
15-->[androidx.core:core:1.15.0] AndroidManifest.xml:26:5-97
15-->[androidx.core:core:1.15.0] AndroidManifest.xml:26:22-94
16
17    <application
17-->src\main\AndroidManifest.xml:4:5-49:19
18        android:allowBackup="true"
18-->src\main\AndroidManifest.xml:5:9-35
19        android:appComponentFactory="androidx.core.app.CoreComponentFactory"
19-->[androidx.core:core:1.15.0] AndroidManifest.xml:28:18-86
20        android:debuggable="true"
21        android:extractNativeLibs="false"
22        android:icon="@mipmap/ic_launcher"
22-->src\main\AndroidManifest.xml:6:9-43
23        android:label="@string/app_name"
23-->src\main\AndroidManifest.xml:7:9-41
24        android:roundIcon="@mipmap/ic_launcher_round"
24-->src\main\AndroidManifest.xml:8:9-54
25        android:supportsRtl="true"
25-->src\main\AndroidManifest.xml:9:9-35
26        android:testOnly="true"
27        android:theme="@style/Theme.EddyParcial2" >
27-->src\main\AndroidManifest.xml:10:9-50
28        <activity
28-->src\main\AndroidManifest.xml:11:9-13:39
29            android:name="com.eddy.parcial2.Pantalla8"
29-->src\main\AndroidManifest.xml:12:13-38
30            android:exported="true" />
30-->src\main\AndroidManifest.xml:13:13-36
31        <activity
31-->src\main\AndroidManifest.xml:14:9-16:39
32            android:name="com.eddy.parcial2.Pantalla7"
32-->src\main\AndroidManifest.xml:15:13-38
33            android:exported="true" />
33-->src\main\AndroidManifest.xml:16:13-36
34        <activity
34-->src\main\AndroidManifest.xml:17:9-26:20
35            android:name="com.eddy.parcial2.MainActivity"
35-->src\main\AndroidManifest.xml:18:13-41
36            android:configChanges="orientation|screenSize|screenLayout|keyboardHidden"
36-->src\main\AndroidManifest.xml:20:13-87
37            android:exported="true" >
37-->src\main\AndroidManifest.xml:19:13-36
38            <intent-filter>
38-->src\main\AndroidManifest.xml:21:13-25:29
39                <action android:name="android.intent.action.MAIN" />
39-->src\main\AndroidManifest.xml:22:17-69
39-->src\main\AndroidManifest.xml:22:25-66
40
41                <category android:name="android.intent.category.LAUNCHER" />
41-->src\main\AndroidManifest.xml:24:17-77
41-->src\main\AndroidManifest.xml:24:27-74
42            </intent-filter>
43        </activity>
44        <activity
44-->src\main\AndroidManifest.xml:27:9-28:38
45            android:name="com.eddy.parcial2.activities.Activity3_PantallaDeInicio"
45-->src\main\AndroidManifest.xml:27:19-72
46            android:exported="true" />
46-->src\main\AndroidManifest.xml:28:13-36
47        <activity
47-->src\main\AndroidManifest.xml:29:9-33:90
48            android:name="com.eddy.parcial2.Login.LoginActivity"
48-->src\main\AndroidManifest.xml:30:13-48
49            android:configChanges="orientation|screenSize|screenLayout|keyboardHidden"
49-->src\main\AndroidManifest.xml:33:13-87
50            android:exported="false"
50-->src\main\AndroidManifest.xml:31:13-37
51            android:theme="@style/Theme.EddyParcial2.NoActionBar" />
51-->src\main\AndroidManifest.xml:32:13-66
52        <activity
52-->src\main\AndroidManifest.xml:34:9-38:90
53            android:name="com.eddy.parcial2.Register.RegisterActivity"
53-->src\main\AndroidManifest.xml:35:13-54
54            android:configChanges="orientation|screenSize|screenLayout|keyboardHidden"
54-->src\main\AndroidManifest.xml:38:13-87
55            android:exported="false"
55-->src\main\AndroidManifest.xml:36:13-37
56            android:theme="@style/Theme.EddyParcial2.NoActionBar" />
56-->src\main\AndroidManifest.xml:37:13-66
57        <activity
57-->src\main\AndroidManifest.xml:39:9-43:90
58            android:name="com.eddy.parcial2.Home.HomeActivity"
58-->src\main\AndroidManifest.xml:40:13-46
59            android:configChanges="orientation|screenSize|screenLayout|keyboardHidden"
59-->src\main\AndroidManifest.xml:43:13-87
60            android:exported="false"
60-->src\main\AndroidManifest.xml:41:13-37
61            android:theme="@style/Theme.EddyParcial2.NoActionBar" />
61-->src\main\AndroidManifest.xml:42:13-66
62        <activity
62-->src\main\AndroidManifest.xml:44:9-46:39
63            android:name="com.eddy.parcial2.activities.Activity4_agregarMovimiento"
63-->src\main\AndroidManifest.xml:45:13-67
64            android:exported="true" />
64-->src\main\AndroidManifest.xml:46:13-36
65        <activity android:name="com.eddy.parcial2.activities.ReporteCategoriasActivity" />
65-->src\main\AndroidManifest.xml:47:9-74
65-->src\main\AndroidManifest.xml:47:19-71
66        <activity android:name="com.eddy.parcial2.activities.DetalleCategoriaActivity" />
66-->src\main\AndroidManifest.xml:48:9-73
66-->src\main\AndroidManifest.xml:48:19-70
67
68        <provider
68-->[androidx.emoji2:emoji2:1.3.0] AndroidManifest.xml:24:9-32:20
69            android:name="androidx.startup.InitializationProvider"
69-->[androidx.emoji2:emoji2:1.3.0] AndroidManifest.xml:25:13-67
70            android:authorities="com.eddy.parcial2.androidx-startup"
70-->[androidx.emoji2:emoji2:1.3.0] AndroidManifest.xml:26:13-68
71            android:exported="false" >
71-->[androidx.emoji2:emoji2:1.3.0] AndroidManifest.xml:27:13-37
72            <meta-data
72-->[androidx.emoji2:emoji2:1.3.0] AndroidManifest.xml:29:13-31:52
73                android:name="androidx.emoji2.text.EmojiCompatInitializer"
73-->[androidx.emoji2:emoji2:1.3.0] AndroidManifest.xml:30:17-75
74                android:value="androidx.startup" />
74-->[androidx.emoji2:emoji2:1.3.0] AndroidManifest.xml:31:17-49
75            <meta-data
75-->[androidx.lifecycle:lifecycle-process:2.6.2] AndroidManifest.xml:29:13-31:52
76                android:name="androidx.lifecycle.ProcessLifecycleInitializer"
76-->[androidx.lifecycle:lifecycle-process:2.6.2] AndroidManifest.xml:30:17-78
77                android:value="androidx.startup" />
77-->[androidx.lifecycle:lifecycle-process:2.6.2] AndroidManifest.xml:31:17-49
78            <meta-data
78-->[androidx.profileinstaller:profileinstaller:1.4.0] AndroidManifest.xml:29:13-31:52
79                android:name="androidx.profileinstaller.ProfileInstallerInitializer"
79-->[androidx.profileinstaller:profileinstaller:1.4.0] AndroidManifest.xml:30:17-85
80                android:value="androidx.startup" />
80-->[androidx.profileinstaller:profileinstaller:1.4.0] AndroidManifest.xml:31:17-49
81        </provider>
82
83        <service
83-->[androidx.room:room-runtime-android:2.7.0] AndroidManifest.xml:24:9-28:63
84            android:name="androidx.room.MultiInstanceInvalidationService"
84-->[androidx.room:room-runtime-android:2.7.0] AndroidManifest.xml:25:13-74
85            android:directBootAware="true"
85-->[androidx.room:room-runtime-android:2.7.0] AndroidManifest.xml:26:13-43
86            android:exported="false" />
86-->[androidx.room:room-runtime-android:2.7.0] AndroidManifest.xml:27:13-37
87
88        <receiver
88-->[androidx.profileinstaller:profileinstaller:1.4.0] AndroidManifest.xml:34:9-52:20
89            android:name="androidx.profileinstaller.ProfileInstallReceiver"
89-->[androidx.profileinstaller:profileinstaller:1.4.0] AndroidManifest.xml:35:13-76
90            android:directBootAware="false"
90-->[androidx.profileinstaller:profileinstaller:1.4.0] AndroidManifest.xml:36:13-44
91            android:enabled="true"
91-->[androidx.profileinstaller:profileinstaller:1.4.0] AndroidManifest.xml:37:13-35
92            android:exported="true"
92-->[androidx.profileinstaller:profileinstaller:1.4.0] AndroidManifest.xml:38:13-36
93            android:permission="android.permission.DUMP" >
93-->[androidx.profileinstaller:profileinstaller:1.4.0] AndroidManifest.xml:39:13-57
94            <intent-filter>
94-->[androidx.profileinstaller:profileinstaller:1.4.0] AndroidManifest.xml:40:13-42:29
95                <action android:name="androidx.profileinstaller.action.INSTALL_PROFILE" />
95-->[androidx.profileinstaller:profileinstaller:1.4.0] AndroidManifest.xml:41:17-91
95-->[androidx.profileinstaller:profileinstaller:1.4.0] AndroidManifest.xml:41:25-88
96            </intent-filter>
97            <intent-filter>
97-->[androidx.profileinstaller:profileinstaller:1.4.0] AndroidManifest.xml:43:13-45:29
98                <action android:name="androidx.profileinstaller.action.SKIP_FILE" />
98-->[androidx.profileinstaller:profileinstaller:1.4.0] AndroidManifest.xml:44:17-85
98-->[androidx.profileinstaller:profileinstaller:1.4.0] AndroidManifest.xml:44:25-82
99            </intent-filter>
100            <intent-filter>
100-->[androidx.profileinstaller:profileinstaller:1.4.0] AndroidManifest.xml:46:13-48:29
101                <action android:name="androidx.profileinstaller.action.SAVE_PROFILE" />
101-->[androidx.profileinstaller:profileinstaller:1.4.0] AndroidManifest.xml:47:17-88
101-->[androidx.profileinstaller:profileinstaller:1.4.0] AndroidManifest.xml:47:25-85
102            </intent-filter>
103            <intent-filter>
103-->[androidx.profileinstaller:profileinstaller:1.4.0] AndroidManifest.xml:49:13-51:29
104                <action android:name="androidx.profileinstaller.action.BENCHMARK_OPERATION" />
104-->[androidx.profileinstaller:profileinstaller:1.4.0] AndroidManifest.xml:50:17-95
104-->[androidx.profileinstaller:profileinstaller:1.4.0] AndroidManifest.xml:50:25-92
105            </intent-filter>
106        </receiver>
107    </application>
108
109</manifest>